<?xml version="1.0" encoding="UTF-8"?>
<!-- Generated by org.testng.reporters.JUnitReportReporter -->
<testsuite hostname="CISPL-IO-82" failures="0" tests="3" name="automation.TestDemo2" time="119.975" errors="0" timestamp="2023-02-10T19:54:16 IST" skipped="0">
  <testcase classname="automation.TestDemo2" name="titleCheckGoogle" time="20.166"/>
  <system-out/>
  <testcase classname="automation.TestDemo2" name="titleCheckGoogle" time="10.403"/>
  <system-out/>
  <testcase classname="automation.TestDemo2" name="titleCheckGoogle" time="89.406"/>
  <system-out/>
</testsuite> <!-- automation.TestDemo2 -->
